c:\dev\cpp_tutorials\2d_gameengine\2d_gameengine\debug\vc143.pdb
c:\dev\cpp_tutorials\2d_gameengine\2d_gameengine\debug\vc143.idb
c:\dev\cpp_tutorials\2d_gameengine\2d_gameengine\debug\main.obj
c:\dev\cpp_tutorials\2d_gameengine\2d_gameengine\debug\game.obj
c:\dev\cpp_tutorials\2d_gameengine\2d_gameengine\debug\texturemanager.obj
c:\dev\cpp_tutorials\2d_gameengine\2d_gameengine\debug\gameobject.obj
c:\dev\cpp_tutorials\2d_gameengine\2d_gameengine\debug\map.obj
c:\dev\cpp_tutorials\2d_gameengine\debug\2d_gameengine.pdb
c:\dev\cpp_tutorials\2d_gameengine\2d_gameengine\debug\2d_gameengine.tlog\cl.command.1.tlog
c:\dev\cpp_tutorials\2d_gameengine\2d_gameengine\debug\2d_gameengine.tlog\cl.read.1.tlog
c:\dev\cpp_tutorials\2d_gameengine\2d_gameengine\debug\2d_gameengine.tlog\cl.write.1.tlog
c:\dev\cpp_tutorials\2d_gameengine\2d_gameengine\debug\2d_gameengine.tlog\link.16112-cvtres.read.1.tlog
c:\dev\cpp_tutorials\2d_gameengine\2d_gameengine\debug\2d_gameengine.tlog\link.16112-cvtres.write.1.tlog
c:\dev\cpp_tutorials\2d_gameengine\2d_gameengine\debug\2d_gameengine.tlog\link.16112-rc.read.1.tlog
c:\dev\cpp_tutorials\2d_gameengine\2d_gameengine\debug\2d_gameengine.tlog\link.16112-rc.write.1.tlog
c:\dev\cpp_tutorials\2d_gameengine\2d_gameengine\debug\2d_gameengine.tlog\link.16112.read.1.tlog
c:\dev\cpp_tutorials\2d_gameengine\2d_gameengine\debug\2d_gameengine.tlog\link.16112.write.1.tlog
c:\dev\cpp_tutorials\2d_gameengine\2d_gameengine\debug\2d_gameengine.tlog\link.command.1.tlog
c:\dev\cpp_tutorials\2d_gameengine\2d_gameengine\debug\2d_gameengine.tlog\link.read.1.tlog
c:\dev\cpp_tutorials\2d_gameengine\2d_gameengine\debug\2d_gameengine.tlog\link.write.1.tlog
