c:\dev\cpp_tutorials\2d_gameengine\2d_gameengine\x64\debug\vc143.pdb
c:\dev\cpp_tutorials\2d_gameengine\2d_gameengine\x64\debug\vc143.idb
c:\dev\cpp_tutorials\2d_gameengine\2d_gameengine\x64\debug\main.obj
c:\dev\cpp_tutorials\2d_gameengine\2d_gameengine\x64\debug\game.obj
c:\dev\cpp_tutorials\2d_gameengine\x64\debug\2d_gameengine.pdb
c:\dev\cpp_tutorials\2d_gameengine\2d_gameengine\x64\debug\2d_gameengine.tlog\cl.command.1.tlog
c:\dev\cpp_tutorials\2d_gameengine\2d_gameengine\x64\debug\2d_gameengine.tlog\cl.read.1.tlog
c:\dev\cpp_tutorials\2d_gameengine\2d_gameengine\x64\debug\2d_gameengine.tlog\cl.write.1.tlog
c:\dev\cpp_tutorials\2d_gameengine\2d_gameengine\x64\debug\2d_gameengine.tlog\link-cvtres.read.1.tlog
c:\dev\cpp_tutorials\2d_gameengine\2d_gameengine\x64\debug\2d_gameengine.tlog\link-cvtres.write.1.tlog
c:\dev\cpp_tutorials\2d_gameengine\2d_gameengine\x64\debug\2d_gameengine.tlog\link-rc.read.1.tlog
c:\dev\cpp_tutorials\2d_gameengine\2d_gameengine\x64\debug\2d_gameengine.tlog\link-rc.write.1.tlog
c:\dev\cpp_tutorials\2d_gameengine\2d_gameengine\x64\debug\2d_gameengine.tlog\link.13372-cvtres.read.1.tlog
c:\dev\cpp_tutorials\2d_gameengine\2d_gameengine\x64\debug\2d_gameengine.tlog\link.13372-cvtres.write.1.tlog
c:\dev\cpp_tutorials\2d_gameengine\2d_gameengine\x64\debug\2d_gameengine.tlog\link.13372-rc.read.1.tlog
c:\dev\cpp_tutorials\2d_gameengine\2d_gameengine\x64\debug\2d_gameengine.tlog\link.13372-rc.write.1.tlog
c:\dev\cpp_tutorials\2d_gameengine\2d_gameengine\x64\debug\2d_gameengine.tlog\link.13372.read.1.tlog
c:\dev\cpp_tutorials\2d_gameengine\2d_gameengine\x64\debug\2d_gameengine.tlog\link.13372.read.2.tlog
c:\dev\cpp_tutorials\2d_gameengine\2d_gameengine\x64\debug\2d_gameengine.tlog\link.13372.write.1.tlog
c:\dev\cpp_tutorials\2d_gameengine\2d_gameengine\x64\debug\2d_gameengine.tlog\link.command.1.tlog
c:\dev\cpp_tutorials\2d_gameengine\2d_gameengine\x64\debug\2d_gameengine.tlog\link.read.1.tlog
c:\dev\cpp_tutorials\2d_gameengine\2d_gameengine\x64\debug\2d_gameengine.tlog\link.read.2.tlog
c:\dev\cpp_tutorials\2d_gameengine\2d_gameengine\x64\debug\2d_gameengine.tlog\link.write.1.tlog
